2025-03-02 16:02:16,573 - INFO - Starting ETL program...
2025-03-02 16:02:16,573 - INFO - Pipeline execution started.
2025-03-02 16:02:16,574 - INFO - Extracting CSV files from ../data/csv/...
2025-03-02 16:02:16,574 - INFO - Found 36 CSV files. Reading data...
2025-03-02 16:02:17,885 - INFO - CSV data extraction completed successfully.
2025-03-02 16:02:17,902 - INFO - Extracting JSON files from ../data/json/...
2025-03-02 16:02:17,902 - INFO - Found 17 JSON files. Reading data...
2025-03-02 16:02:20,321 - INFO - JSON data extraction completed successfully.
2025-03-02 16:02:20,330 - INFO - Merging extracted data...
2025-03-02 16:02:20,423 - INFO - Saving staging_data.csv to ../staging...
2025-03-02 16:02:25,908 - INFO - Data successfully saved.
2025-03-02 16:02:25,912 - INFO - Starting transformation process on file: ../staging/staging_data.csv
2025-03-02 16:02:27,560 - INFO - File read successfully.
2025-03-02 16:02:27,561 - INFO - Transforming data: Adding trip duration...
2025-03-02 16:02:27,848 - INFO - Transforming data: Adding trip duration completed.
2025-03-02 16:02:27,848 - INFO - Transforming data: Normalizing column names to Snake Case...
2025-03-02 16:02:27,849 - INFO - Transforming data: Normalizing column names to Snake Case completed.
2025-03-02 16:02:27,849 - INFO - Transforming data: Changing payment type value...
2025-03-02 16:02:28,221 - INFO - Transforming data: Changing payment type value completed.
2025-03-02 16:02:28,221 - INFO - Transforming data: Converting trip distance from miles to kilometers...
2025-03-02 16:02:28,238 - INFO - Transforming data: Converting trip distance from miles to kilometers completed.
2025-03-02 16:02:28,238 - INFO - Transformation process completed successfully.
2025-03-02 16:02:28,252 - INFO - Saving result_data.csv to ../result...
2025-03-02 16:02:42,103 - INFO - Data successfully saved to ../result/result_data.csv
2025-03-02 16:02:42,103 - INFO - ETL pipeline executed successfully.
2025-03-02 16:02:42,193 - INFO - Program completed successfully.
